2026-04-06 14:01:09,154 [INFO] Adding job tentatively -- it will be properly scheduled when the scheduler starts
2026-04-06 14:01:09,155 [INFO] Added job "_run_daily_summary" to job store "default"
2026-04-06 14:01:09,155 [INFO] Scheduler started
2026-04-06 14:01:10,498 [INFO] Adding job tentatively -- it will be properly scheduled when the scheduler starts
2026-04-06 14:01:10,498 [INFO] Added job "_run_daily_summary" to job store "default"
2026-04-06 14:01:10,498 [INFO] Scheduler started
2026-04-06 14:01:11,004 [INFO] Adding job tentatively -- it will be properly scheduled when the scheduler starts
2026-04-06 14:01:11,004 [INFO] Added job "_run_daily_summary" to job store "default"
2026-04-06 14:01:11,004 [INFO] Scheduler started
2026-04-06 14:16:59,847 [INFO] Adding job tentatively -- it will be properly scheduled when the scheduler starts
2026-04-06 14:16:59,847 [INFO] Added job "_run_daily_summary" to job store "default"
2026-04-06 14:16:59,847 [INFO] Scheduler started
2026-04-06 14:17:02,099 [INFO] Adding job tentatively -- it will be properly scheduled when the scheduler starts
2026-04-06 14:17:02,100 [INFO] Added job "_run_daily_summary" to job store "default"
2026-04-06 14:17:02,100 [INFO] Scheduler started
2026-04-06 14:17:43,502 [INFO] Adding job tentatively -- it will be properly scheduled when the scheduler starts
2026-04-06 14:17:43,502 [INFO] Added job "_run_daily_summary" to job store "default"
2026-04-06 14:17:43,502 [INFO] Scheduler started
2026-04-06 14:18:00,922 [INFO] Adding job tentatively -- it will be properly scheduled when the scheduler starts
2026-04-06 14:18:00,922 [INFO] Added job "_run_daily_summary" to job store "default"
2026-04-06 14:18:00,922 [INFO] Scheduler started
2026-04-06 14:18:11,350 [INFO] Adding job tentatively -- it will be properly scheduled when the scheduler starts
2026-04-06 14:18:11,350 [INFO] Added job "_run_daily_summary" to job store "default"
2026-04-06 14:18:11,350 [INFO] Scheduler started
2026-04-06 14:18:21,784 [INFO] Adding job tentatively -- it will be properly scheduled when the scheduler starts
2026-04-06 14:18:21,785 [INFO] Added job "_run_daily_summary" to job store "default"
2026-04-06 14:18:21,785 [INFO] Scheduler started
2026-04-06 14:18:27,569 [INFO] Adding job tentatively -- it will be properly scheduled when the scheduler starts
2026-04-06 14:18:27,569 [INFO] Added job "_run_daily_summary" to job store "default"
2026-04-06 14:18:27,569 [INFO] Scheduler started
2026-04-06 14:18:41,542 [INFO] Adding job tentatively -- it will be properly scheduled when the scheduler starts
2026-04-06 14:18:41,543 [INFO] Added job "_run_daily_summary" to job store "default"
2026-04-06 14:18:41,543 [INFO] Scheduler started
2026-04-06 14:18:52,580 [INFO] Adding job tentatively -- it will be properly scheduled when the scheduler starts
2026-04-06 14:18:52,581 [INFO] Added job "_run_daily_summary" to job store "default"
2026-04-06 14:18:52,581 [INFO] Scheduler started
2026-04-06 14:18:53,089 [INFO] Adding job tentatively -- it will be properly scheduled when the scheduler starts
2026-04-06 14:18:53,090 [INFO] Added job "_run_daily_summary" to job store "default"
2026-04-06 14:18:53,090 [INFO] Scheduler started
2026-04-06 14:22:59,059 [INFO] Adding job tentatively -- it will be properly scheduled when the scheduler starts
2026-04-06 14:22:59,060 [INFO] Added job "_run_daily_summary" to job store "default"
2026-04-06 14:22:59,060 [INFO] Scheduler started
2026-04-06 14:45:54,259 [INFO] Adding job tentatively -- it will be properly scheduled when the scheduler starts
2026-04-06 14:45:54,259 [INFO] Added job "_run_daily_summary" to job store "default"
2026-04-06 14:45:54,259 [INFO] Scheduler started
2026-04-06 14:47:58,827 [INFO] Adding job tentatively -- it will be properly scheduled when the scheduler starts
2026-04-06 14:47:58,827 [INFO] Added job "_run_daily_summary" to job store "default"
2026-04-06 14:47:58,827 [INFO] Scheduler started
2026-04-06 14:50:31,113 [INFO] Adding job tentatively -- it will be properly scheduled when the scheduler starts
2026-04-06 14:50:31,114 [INFO] Added job "_run_daily_summary" to job store "default"
2026-04-06 14:50:31,114 [INFO] Scheduler started
2026-04-06 14:50:37,436 [INFO] Adding job tentatively -- it will be properly scheduled when the scheduler starts
2026-04-06 14:50:37,437 [INFO] Added job "_run_daily_summary" to job store "default"
2026-04-06 14:50:37,437 [INFO] Scheduler started
2026-04-06 14:50:52,022 [INFO] Adding job tentatively -- it will be properly scheduled when the scheduler starts
2026-04-06 14:50:52,022 [INFO] Added job "_run_daily_summary" to job store "default"
2026-04-06 14:50:52,022 [INFO] Scheduler started
2026-04-06 14:54:20,954 [INFO] Adding job tentatively -- it will be properly scheduled when the scheduler starts
2026-04-06 14:54:20,954 [INFO] Added job "_run_daily_summary" to job store "default"
2026-04-06 14:54:20,954 [INFO] Scheduler started
2026-04-06 14:54:27,860 [INFO] Adding job tentatively -- it will be properly scheduled when the scheduler starts
2026-04-06 14:54:27,860 [INFO] Added job "_run_daily_summary" to job store "default"
2026-04-06 14:54:27,860 [INFO] Scheduler started
2026-04-06 14:56:17,229 [INFO] Adding job tentatively -- it will be properly scheduled when the scheduler starts
2026-04-06 14:56:17,229 [INFO] Added job "_run_daily_summary" to job store "default"
2026-04-06 14:56:17,229 [INFO] Scheduler started
2026-04-06 14:56:22,381 [INFO] Adding job tentatively -- it will be properly scheduled when the scheduler starts
2026-04-06 14:56:22,381 [INFO] Added job "_run_daily_summary" to job store "default"
2026-04-06 14:56:22,381 [INFO] Scheduler started
2026-04-06 14:56:35,496 [INFO] Adding job tentatively -- it will be properly scheduled when the scheduler starts
2026-04-06 14:56:35,497 [INFO] Added job "_run_daily_summary" to job store "default"
2026-04-06 14:56:35,497 [INFO] Scheduler started
2026-04-06 14:56:36,013 [INFO] Adding job tentatively -- it will be properly scheduled when the scheduler starts
2026-04-06 14:56:36,014 [INFO] Added job "_run_daily_summary" to job store "default"
2026-04-06 14:56:36,014 [INFO] Scheduler started
2026-04-06 14:56:39,278 [INFO] Adding job tentatively -- it will be properly scheduled when the scheduler starts
2026-04-06 14:56:39,278 [INFO] Added job "_run_daily_summary" to job store "default"
2026-04-06 14:56:39,278 [INFO] Scheduler started
2026-04-06 14:58:43,223 [INFO] Adding job tentatively -- it will be properly scheduled when the scheduler starts
2026-04-06 14:58:43,223 [INFO] Added job "_run_daily_summary" to job store "default"
2026-04-06 14:58:43,223 [INFO] Scheduler started
2026-04-06 14:59:15,470 [INFO] Adding job tentatively -- it will be properly scheduled when the scheduler starts
2026-04-06 14:59:15,470 [INFO] Added job "_run_daily_summary" to job store "default"
2026-04-06 14:59:15,470 [INFO] Scheduler started
2026-04-06 14:59:46,406 [INFO] Adding job tentatively -- it will be properly scheduled when the scheduler starts
2026-04-06 14:59:46,406 [INFO] Added job "_run_daily_summary" to job store "default"
2026-04-06 14:59:46,406 [INFO] Scheduler started
2026-04-06 14:59:55,658 [INFO] Adding job tentatively -- it will be properly scheduled when the scheduler starts
2026-04-06 14:59:55,658 [INFO] Added job "_run_daily_summary" to job store "default"
2026-04-06 14:59:55,658 [INFO] Scheduler started
2026-04-06 15:05:00,654 [INFO] Adding job tentatively -- it will be properly scheduled when the scheduler starts
2026-04-06 15:05:00,654 [INFO] Added job "_run_daily_summary" to job store "default"
2026-04-06 15:05:00,654 [INFO] Scheduler started
2026-04-06 15:05:15,487 [INFO] Adding job tentatively -- it will be properly scheduled when the scheduler starts
2026-04-06 15:05:15,487 [INFO] Added job "_run_daily_summary" to job store "default"
2026-04-06 15:05:15,487 [INFO] Scheduler started
2026-04-06 15:11:02,923 [INFO] Adding job tentatively -- it will be properly scheduled when the scheduler starts
2026-04-06 15:11:02,923 [INFO] Added job "_run_daily_summary" to job store "default"
2026-04-06 15:11:02,923 [INFO] Scheduler started
2026-04-06 15:26:43,721 [INFO] Adding job tentatively -- it will be properly scheduled when the scheduler starts
2026-04-06 15:26:43,722 [INFO] Added job "_run_daily_summary" to job store "default"
2026-04-06 15:26:43,722 [INFO] Scheduler started
2026-04-08 10:23:22,759 [INFO] Scheduler has been shut down
2026-04-08 10:26:43,963 [INFO] Adding job tentatively -- it will be properly scheduled when the scheduler starts
2026-04-08 10:26:43,963 [INFO] Added job "_run_daily_summary" to job store "default"
2026-04-08 10:26:43,963 [INFO] Scheduler started
2026-04-08 10:32:33,549 [INFO] Scheduler has been shut down
2026-04-08 10:32:33,911 [INFO] Adding job tentatively -- it will be properly scheduled when the scheduler starts
2026-04-08 10:32:33,912 [INFO] Added job "_run_daily_summary" to job store "default"
2026-04-08 10:32:33,912 [INFO] Scheduler started
2026-04-08 10:32:40,883 [INFO] Scheduler has been shut down
2026-04-08 10:32:41,118 [INFO] Adding job tentatively -- it will be properly scheduled when the scheduler starts
2026-04-08 10:32:41,119 [INFO] Added job "_run_daily_summary" to job store "default"
2026-04-08 10:32:41,119 [INFO] Scheduler started
2026-04-08 10:33:08,099 [INFO] Scheduler has been shut down
2026-04-08 10:33:10,992 [INFO] Adding job tentatively -- it will be properly scheduled when the scheduler starts
2026-04-08 10:33:10,992 [INFO] Added job "_run_daily_summary" to job store "default"
2026-04-08 10:33:10,992 [INFO] Scheduler started
2026-04-08 10:41:57,054 [INFO] Scheduler has been shut down
2026-04-08 10:48:17,758 [INFO] Adding job tentatively -- it will be properly scheduled when the scheduler starts
2026-04-08 10:48:17,760 [INFO] Added job "_run_daily_summary" to job store "default"
2026-04-08 10:48:17,760 [INFO] Scheduler started
2026-04-08 10:48:29,590 [INFO] Scheduler has been shut down
2026-04-08 11:09:57,397 [INFO] Adding job tentatively -- it will be properly scheduled when the scheduler starts
2026-04-08 11:09:57,398 [INFO] Added job "_run_daily_summary" to job store "default"
2026-04-08 11:09:57,398 [INFO] Scheduler started
2026-04-08 11:10:59,051 [INFO] Scheduler has been shut down
2026-04-08 11:11:04,466 [INFO] Adding job tentatively -- it will be properly scheduled when the scheduler starts
2026-04-08 11:11:04,467 [INFO] Added job "_run_daily_summary" to job store "default"
2026-04-08 11:11:04,467 [INFO] Scheduler started
2026-04-08 11:14:29,655 [INFO] Scheduler has been shut down
2026-04-08 11:14:29,986 [INFO] Adding job tentatively -- it will be properly scheduled when the scheduler starts
2026-04-08 11:14:29,987 [INFO] Added job "_run_daily_summary" to job store "default"
2026-04-08 11:14:29,987 [INFO] Scheduler started
2026-04-08 11:14:31,503 [INFO] Scheduler has been shut down
2026-04-08 11:14:31,746 [INFO] Adding job tentatively -- it will be properly scheduled when the scheduler starts
2026-04-08 11:14:31,746 [INFO] Added job "_run_daily_summary" to job store "default"
2026-04-08 11:14:31,746 [INFO] Scheduler started
2026-04-08 11:14:38,417 [INFO] Scheduler has been shut down
2026-04-08 11:14:41,813 [INFO] Adding job tentatively -- it will be properly scheduled when the scheduler starts
2026-04-08 11:14:41,813 [INFO] Added job "_run_daily_summary" to job store "default"
2026-04-08 11:14:41,813 [INFO] Scheduler started
2026-04-08 11:15:36,023 [INFO] Email sent to rakshith3600@gmail.com | Vehicle Parked - KA 40 EK 5158
2026-04-08 11:15:39,623 [INFO] Email sent to rakshithk.24.beis@acharya.ac.in | [ENTRY] KA 40 EK 5158 - 08-04-2026 11:15 AM
2026-04-08 11:26:19,268 [INFO] Email sent to rakshith3600@gmail.com | Exit Receipt - KA 40 EK 5158 | Rs.100
2026-04-08 11:26:23,029 [INFO] Email sent to rakshithk.24.beis@acharya.ac.in | [EXIT] KA 40 EK 5158 | Rs.100 collected
2026-04-08 11:38:56,667 [INFO] Adding job tentatively -- it will be properly scheduled when the scheduler starts
2026-04-08 11:38:56,667 [INFO] Added job "_run_daily_summary" to job store "default"
2026-04-08 11:38:56,667 [INFO] Scheduler started
2026-04-08 11:39:48,635 [INFO] Email sent to rakshith3600@gmail.com | Vehicle Parked - KA 40 EK 5158
2026-04-08 11:39:52,615 [INFO] Email sent to rakshithk.24.beis@acharya.ac.in | [ENTRY] KA 40 EK 5158 - 08-04-2026 11:39 AM
2026-04-08 11:52:49,256 [INFO] Scheduler has been shut down
